[17:34:40] [Server thread/INFO]: Starting minecraft server version 16w02a
[17:34:40] [Server thread/INFO]: Loading properties
[17:34:40] [Server thread/WARN]: ressource-pack-hash is depricated. Please use ressource-pack-sha1 instead.
[17:34:40] [Server thread/INFO]: Default game type: SURVIVAL
[17:34:40] [Server thread/INFO]: Generating keypair
[17:34:40] [Server thread/INFO]: Starting Minecraft server on *:375
[17:34:40] [Server thread/INFO]: Using default channel type
[17:34:41] [Server thread/INFO]: Preparing level "Survival"
[17:34:42] [Server thread/INFO]: Preparing start region for level 0
[17:34:43] [Server thread/WARN]: Keeping entity Sheep that already exists with UUID 8ab5d17d-476d-4a15-b143-834f01af0622
[17:34:43] [Server thread/INFO]: Preparing spawn area: 3%
[17:34:43] [Server thread/WARN]: Keeping entity Rabbit that already exists with UUID f025fcb7-a709-4c3e-be23-a218ba67d623
[17:34:44] [Server thread/INFO]: Preparing spawn area: 34%
[17:34:45] [Server thread/INFO]: Preparing spawn area: 69%
[17:34:46] [Server thread/INFO]: Done (4.586s)! For help, type "help" or "?"
[17:34:46] [Server thread/INFO]: Starting GS4 status listener
[17:34:46] [Server thread/INFO]: Starting remote control listener
[17:34:46] [Query Listener #1/INFO]: Query running on 0.0.0.0:375
[17:34:46] [RCON Listener #2/INFO]: RCON running on 0.0.0.0:3750
[17:35:36] [Server thread/WARN]: Can't keep up! Did the system time change, or is the server overloaded? Running 5286ms behind, skipping 105 tick(s)
[17:36:38] [User Authenticator #1/INFO]: UUID of player Happypig375 is 1b5d49e1-8ea0-4d62-9e34-765f246c1c80
[17:36:39] [Server thread/INFO]: Happypig375[/192.168.1.107:52154] logged in with entity id 312 at (43.358524892864814, 57.0, 186.22443330316642)
[17:36:39] [Server thread/INFO]: Happypig375 joined the game
[17:36:45] [Server thread/WARN]: Keeping entity Sheep that already exists with UUID 8ab5d17d-476d-4a15-b143-834f01af0622
[17:36:46] [Server thread/WARN]: Keeping entity Rabbit that already exists with UUID f025fcb7-a709-4c3e-be23-a218ba67d623
[17:36:50] [Server thread/WARN]: Can't keep up! Did the system time change, or is the server overloaded? Running 11639ms behind, skipping 232 tick(s)
[17:37:01] [Server thread/WARN]: Can't keep up! Did the system time change, or is the server overloaded? Running 7148ms behind, skipping 142 tick(s)
[17:37:01] [Server thread/INFO]: Happypig375 lost connection: TranslatableComponent{key='disconnect.genericReason', args=[Internal Exception: java.io.IOException: An existing connection was forcibly closed by the remote host], siblings=[], style=Style{hasParent=false, color=null, bold=null, italic=null, underlined=null, obfuscated=null, clickEvent=null, hoverEvent=null, insertion=null}}
[17:37:01] [Server thread/INFO]: Happypig375 left the game
[17:38:24] [Server thread/WARN]: Can't keep up! Did the system time change, or is the server overloaded? Running 4438ms behind, skipping 88 tick(s)
[17:39:05] [User Authenticator #2/INFO]: UUID of player Happypig375 is 1b5d49e1-8ea0-4d62-9e34-765f246c1c80
[17:39:05] [Server thread/INFO]: Happypig375[/192.168.1.107:52225] logged in with entity id 522 at (43.358524892864814, 57.0, 186.22443330316642)
[17:39:05] [Server thread/INFO]: Happypig375 joined the game
[17:39:06] [Server thread/WARN]: Keeping entity Sheep that already exists with UUID 8ab5d17d-476d-4a15-b143-834f01af0622
[17:39:06] [Server thread/WARN]: Keeping entity Rabbit that already exists with UUID f025fcb7-a709-4c3e-be23-a218ba67d623
[17:39:10] [Server thread/WARN]: Can't keep up! Did the system time change, or is the server overloaded? Running 5872ms behind, skipping 117 tick(s)
[17:39:18] [Server thread/INFO]: Happypig375 lost connection: TranslatableComponent{key='disconnect.genericReason', args=[Internal Exception: java.io.IOException: An existing connection was forcibly closed by the remote host], siblings=[], style=Style{hasParent=false, color=null, bold=null, italic=null, underlined=null, obfuscated=null, clickEvent=null, hoverEvent=null, insertion=null}}
[17:39:18] [Server thread/INFO]: Happypig375 left the game
[17:41:29] [Server thread/INFO]: [Server] the server kicked me out
[17:41:31] [Server thread/INFO]: [Server] the server kicked me out
[17:41:32] [Server thread/INFO]: [Server] the server kicked me out
[17:41:32] [Server thread/INFO]: [Server] the server kicked me out
[17:41:33] [Server thread/INFO]: [Server] the server kicked me out
[17:41:34] [Server thread/INFO]: [Server] the server kicked me out
[17:41:34] [Server thread/INFO]: [Server] the server kicked me out
[17:41:36] [Server thread/INFO]: [Server] the server kicked me out
[17:41:37] [Server thread/INFO]: [Server] the server kicked me out
[17:41:38] [Server thread/INFO]: [Server] the server kicked me out
[17:41:49] [Server thread/INFO]: [Server] the server kicked me out
[17:41:50] [Server thread/INFO]: [Server] the server kicked me out
[17:41:51] [Server thread/INFO]: [Server] the server kicked me out
[17:41:51] [Server thread/INFO]: [Server] the server kicked me out
[17:41:51] [Server thread/INFO]: [Server] the server kicked me out
[17:41:51] [Server thread/INFO]: [Server] the server kicked me out
[17:41:52] [Server thread/INFO]: [Server] the server kicked me out
[17:41:52] [Server thread/INFO]: [Server] the server kicked me out
[17:41:52] [Server thread/INFO]: [Server] the server kicked me out
[17:41:52] [Server thread/INFO]: [Server] the server kicked me out
[17:41:53] [Server thread/INFO]: [Server] the server kicked me out
[17:41:53] [Server thread/INFO]: [Server] the server kicked me out
[17:41:53] [Server thread/INFO]: [Server] the server kicked me out
[17:41:54] [Server thread/INFO]: [Server] the server kicked me out
[17:41:54] [Server thread/INFO]: Unknown command. Try /help for a list of commands
[17:41:54] [Server thread/INFO]: [Server] the server kicked me out
[17:41:54] [Server thread/INFO]: [Server] the server kicked me out
[17:41:54] [Server thread/INFO]: [Server] the server kicked me out
[17:41:55] [Server thread/INFO]: [Server] the server kicked me out
[17:41:55] [Server thread/INFO]: [Server] the server kicked me out
[17:41:55] [Server thread/INFO]: [Server] the server kicked me out
[17:41:55] [Server thread/INFO]: [Server] the server kicked me out
[17:41:56] [Server thread/INFO]: [Server] the server kicked me out
[17:41:56] [Server thread/INFO]: [Server] the server kicked me out
[17:41:56] [Server thread/INFO]: [Server] the server kicked me out
[17:41:56] [Server thread/INFO]: [Server] the server kicked me out
[17:41:57] [Server thread/INFO]: [Server] the server kicked me out
[17:41:57] [Server thread/INFO]: [Server] the server kicked me out
