[14:28:16] [Server thread/INFO]: Starting minecraft server version 1.8.9
[14:28:16] [Server thread/INFO]: Loading properties
[14:28:16] [Server thread/INFO]: Default game type: ADVENTURE
[14:28:16] [Server thread/INFO]: Generating keypair
[14:28:17] [Server thread/INFO]: Starting Minecraft server on *:375
[14:28:17] [Server thread/INFO]: Using default channel type
[14:28:21] [Server thread/INFO]: Preparing level "[Zomberman][1.8.8] - byBrutec"
[14:28:21] [Server thread/INFO]: Preparing start region for level 0
[14:28:23] [Server thread/INFO]: Done (1.046s)! For help, type "help" or "?"
[14:28:26] [Server thread/WARN]: Can't keep up! Did the system time change, or is the server overloaded? Running 3547ms behind, skipping 70 tick(s)
[14:28:43] [User Authenticator #2/INFO]: UUID of player KooDog is 67b25814-164b-482c-a76b-77b3cda1f6fa
[14:28:43] [User Authenticator #1/INFO]: UUID of player Happypig375 is 1b5d49e1-8ea0-4d62-9e34-765f246c1c80
[14:28:43] [Server thread/INFO]: Happypig375[/192.168.1.50:54345] logged in with entity id 24 at (8.5, 1.0, 8.5)
[14:28:43] [Server thread/INFO]: Happypig375 joined the game
[14:28:43] [Server thread/INFO]: KooDog[/221.124.82.235:57243] logged in with entity id 25 at (8.5, 1.0, 8.5)
[14:28:43] [Server thread/INFO]: KooDog joined the game
[14:29:09] [Server thread/WARN]: Can't keep up! Did the system time change, or is the server overloaded? Running 2245ms behind, skipping 44 tick(s)
[14:29:15] [Server thread/INFO]: §cKooDog§r has just earned the achievement [Taking Inventory]
[14:29:17] [Server thread/INFO]: §aHappypig375§r has just earned the achievement [Taking Inventory]
[14:30:27] [Server thread/WARN]: Can't keep up! Did the system time change, or is the server overloaded? Running 2081ms behind, skipping 41 tick(s)
[14:30:45] [Server thread/WARN]: Can't keep up! Did the system time change, or is the server overloaded? Running 3325ms behind, skipping 66 tick(s)
[14:33:28] [Server thread/WARN]: Can't keep up! Did the system time change, or is the server overloaded? Running 2020ms behind, skipping 40 tick(s)
[14:38:31] [Server thread/WARN]: Can't keep up! Did the system time change, or is the server overloaded? Running 2391ms behind, skipping 47 tick(s)
[14:38:47] [Server thread/WARN]: Can't keep up! Did the system time change, or is the server overloaded? Running 2104ms behind, skipping 42 tick(s)
[14:41:29] [Server thread/WARN]: Can't keep up! Did the system time change, or is the server overloaded? Running 2173ms behind, skipping 43 tick(s)
[14:41:46] [Server thread/WARN]: Can't keep up! Did the system time change, or is the server overloaded? Running 3731ms behind, skipping 74 tick(s)
[14:45:20] [Server thread/INFO]: KooDog lost connection: TextComponent{text='Disconnected', siblings=[], style=Style{hasParent=false, color=null, bold=null, italic=null, underlined=null, obfuscated=null, clickEvent=null, hoverEvent=null, insertion=null}}
[14:45:20] [Server thread/INFO]: §cKooDog§r left the game
[14:45:29] [User Authenticator #3/INFO]: UUID of player KooDog is 67b25814-164b-482c-a76b-77b3cda1f6fa
[14:45:29] [Server thread/INFO]: KooDog[/221.124.82.235:57334] logged in with entity id 5880 at (993.6999999880791, 92.0, 993.3000000119209)
[14:45:29] [Server thread/INFO]: §cKooDog§r joined the game
[14:49:31] [Server thread/INFO]: KooDog lost connection: TextComponent{text='Disconnected', siblings=[], style=Style{hasParent=false, color=null, bold=null, italic=null, underlined=null, obfuscated=null, clickEvent=null, hoverEvent=null, insertion=null}}
[14:49:31] [Server thread/INFO]: §cKooDog§r left the game
[14:49:57] [Server thread/WARN]: Can't keep up! Did the system time change, or is the server overloaded? Running 2407ms behind, skipping 48 tick(s)
[14:50:05] [Server thread/INFO]: <§aHappypig375§r> 993 67 993
[14:57:03] [Server thread/WARN]: Fetching addPacket for removed entity
[14:57:10] [Server thread/WARN]: Skipping Entity with id BigFireball
[14:57:59] [Server thread/WARN]: Fetching addPacket for removed entity
[15:05:28] [Server thread/WARN]: Can't keep up! Did the system time change, or is the server overloaded? Running 2947ms behind, skipping 58 tick(s)
[15:07:14] [Server thread/INFO]: Happypig375 lost connection: TextComponent{text='Disconnected', siblings=[], style=Style{hasParent=false, color=null, bold=null, italic=null, underlined=null, obfuscated=null, clickEvent=null, hoverEvent=null, insertion=null}}
[15:07:14] [Server thread/INFO]: Happypig375 left the game
