[17:40:51] [Server thread/INFO]: Starting minecraft server version 1.11.2
[17:40:51] [Server thread/INFO]: Loading properties
[17:40:51] [Server thread/INFO]: Default game type: SURVIVAL
[17:40:51] [Server thread/INFO]: Generating keypair
[17:40:51] [Server thread/INFO]: Starting Minecraft server on *:375
[17:40:51] [Server thread/INFO]: Using default channel type
[17:40:51] [Server thread/INFO]: Preparing level "Survivalv2"
[17:40:51] [Server thread/INFO]: Preparing start region for level 0
[17:40:52] [Server thread/INFO]: Preparing spawn area: 25%
[17:40:53] [Server thread/INFO]: Done (1.793s)! For help, type "help" or "?"
[17:40:56] [User Authenticator #1/INFO]: UUID of player KooDog is 67b25814-164b-482c-a76b-77b3cda1f6fa
[17:40:56] [Server thread/INFO]: KooDog[/221.124.82.235:56162] logged in with entity id 0 at (-5795.614321375121, 66.0, -1904.952937293192)
[17:40:56] [Server thread/INFO]: KooDog joined the game
[17:40:57] [User Authenticator #2/INFO]: UUID of player KooDog is 67b25814-164b-482c-a76b-77b3cda1f6fa
[17:40:58] [Server thread/WARN]: Can't keep up! Did the system time change, or is the server overloaded? Running 2092ms behind, skipping 41 tick(s)
[17:40:58] [Server thread/INFO]: KooDog lost connection: TextComponent{text='You logged in from another location', siblings=[], style=Style{hasParent=false, color=null, bold=null, italic=null, underlined=null, obfuscated=null, clickEvent=null, hoverEvent=null, insertion=null}}
[17:40:58] [Server thread/INFO]: KooDog left the game
[17:40:58] [Server thread/INFO]: KooDog[/221.124.82.235:56168] logged in with entity id 345 at (-5795.614321375121, 66.0, -1904.952937293192)
[17:40:58] [Server thread/INFO]: KooDog joined the game
[17:49:33] [Server thread/INFO]: KooDog lost connection: TextComponent{text='Disconnected', siblings=[], style=Style{hasParent=false, color=null, bold=null, italic=null, underlined=null, obfuscated=null, clickEvent=null, hoverEvent=null, insertion=null}}
[17:49:33] [Server thread/INFO]: KooDog left the game
[17:55:04] [User Authenticator #3/INFO]: UUID of player KooDog is 67b25814-164b-482c-a76b-77b3cda1f6fa
[17:55:04] [Server thread/INFO]: KooDog[/221.124.82.235:56414] logged in with entity id 12459 at (-6980.699999988079, 65.0, -1902.7419894950795)
[17:55:04] [Server thread/INFO]: KooDog joined the game
[18:00:06] [Server thread/WARN]: Boat (vehicle of KooDog) moved too quickly! -2.489174509185432,0.0,-9.99435190517147
[18:00:06] [Server thread/WARN]: Boat (vehicle of KooDog) moved too quickly! -2.669370721987434,0.0,-10.342559605611314
[18:00:06] [Server thread/WARN]: Boat (vehicle of KooDog) moved too quickly! -2.8558592093522748,0.0,-10.687710207984537
[18:00:06] [Server thread/WARN]: Boat (vehicle of KooDog) moved too quickly! -3.0483171748765017,0.0,-11.029872519784703
[18:00:31] [Server thread/WARN]: Can't keep up! Did the system time change, or is the server overloaded? Running 2196ms behind, skipping 43 tick(s)
[18:04:35] [Server thread/WARN]: Can't keep up! Did the system time change, or is the server overloaded? Running 3349ms behind, skipping 66 tick(s)
[18:12:01] [User Authenticator #4/INFO]: UUID of player Happypig375 is 1b5d49e1-8ea0-4d62-9e34-765f246c1c80
[18:12:01] [Server thread/INFO]: Happypig375[/192.168.1.50:61100] logged in with entity id 36401 at (-1017.3633337234738, 95.0, -645.6245778664417)
[18:12:01] [Server thread/INFO]: Happypig375 joined the game
[18:15:06] [Server thread/WARN]: Can't keep up! Did the system time change, or is the server overloaded? Running 3500ms behind, skipping 70 tick(s)
[18:22:46] [Server thread/INFO]: KooDog lost connection: TranslatableComponent{key='disconnect.genericReason', args=[Internal Exception: java.io.IOException: An established connection was aborted by the software in your host machine], siblings=[], style=Style{hasParent=false, color=null, bold=null, italic=null, underlined=null, obfuscated=null, clickEvent=null, hoverEvent=null, insertion=null}}
[18:22:46] [Server thread/INFO]: KooDog left the game
[18:39:41] [User Authenticator #5/INFO]: UUID of player BlowBearBear is e89c5b59-a2f9-4f97-8578-e0e916301509
[18:39:41] [Server thread/INFO]: BlowBearBear[/58.176.244.233:57036] logged in with entity id 78616 at (-1394.3946760508748, 74.1979234568148, -787.4412537321472)
[18:39:41] [Server thread/INFO]: BlowBearBear joined the game
[18:39:44] [Server thread/WARN]: Can't keep up! Did the system time change, or is the server overloaded? Running 2528ms behind, skipping 50 tick(s)
[18:40:26] [Server thread/WARN]: Can't keep up! Did the system time change, or is the server overloaded? Running 3045ms behind, skipping 60 tick(s)
[18:40:26] [Server thread/WARN]: BlowBearBear moved too quickly! 1197.2242507574733,-14.0,664.7338761676602
[18:43:53] [Server thread/WARN]: Keeping entity minecraft:sheep that already exists with UUID 34dede73-a6aa-4ab4-bc0a-92cb72b049f9
[18:43:55] [Server thread/WARN]: Keeping entity minecraft:rabbit that already exists with UUID 714a4b4d-8705-4cbe-8f41-a46ad8b1ac4f
[18:43:56] [Server thread/WARN]: Can't keep up! Did the system time change, or is the server overloaded? Running 3586ms behind, skipping 71 tick(s)
[18:43:56] [Server thread/WARN]: BlowBearBear moved too quickly! 170.32884748227468,15.0,608.0598405404808
[18:47:43] [Server thread/INFO]: Kicked BlowBearBear from the game: 'Sleeping'
[18:47:43] [Server thread/INFO]: BlowBearBear lost connection: TextComponent{text='Sleeping', siblings=[], style=Style{hasParent=false, color=null, bold=null, italic=null, underlined=null, obfuscated=null, clickEvent=null, hoverEvent=null, insertion=null}}
[18:47:43] [Server thread/INFO]: BlowBearBear left the game
[18:49:37] [Server thread/WARN]: Happypig375 moved wrongly!
[19:10:02] [Server thread/INFO]: Stopping the server
[19:10:02] [Server thread/INFO]: Stopping server
[19:10:02] [Server thread/INFO]: Saving players
[19:10:02] [Server thread/INFO]: Saving worlds
[19:10:02] [Server thread/INFO]: Saving chunks for level 'Survivalv2'/Overworld
[19:10:02] [Server thread/INFO]: Saving chunks for level 'Survivalv2'/Nether
[19:10:02] [Server thread/INFO]: Saving chunks for level 'Survivalv2'/The End
[19:10:02] [Server Shutdown Thread/INFO]: Stopping server
[19:10:02] [Server Shutdown Thread/INFO]: Saving players
[19:10:02] [Server Shutdown Thread/INFO]: Happypig375 lost connection: TextComponent{text='Server closed', siblings=[], style=Style{hasParent=false, color=null, bold=null, italic=null, underlined=null, obfuscated=null, clickEvent=null, hoverEvent=null, insertion=null}}
[19:10:02] [Server Shutdown Thread/INFO]: Happypig375 left the game
[19:10:02] [Server Shutdown Thread/INFO]: Saving worlds
[19:10:02] [Server Shutdown Thread/INFO]: Saving chunks for level 'Survivalv2'/Overworld
[19:10:02] [Server Shutdown Thread/INFO]: Saving chunks for level 'Survivalv2'/Nether
[19:10:02] [Server Shutdown Thread/INFO]: Saving chunks for level 'Survivalv2'/The End
